[debug] [2024-02-24T16:13:42.792Z] ----------------------------------------------------------------------
[debug] [2024-02-24T16:13:42.802Z] Command:       C:\Program Files\nodejs\node.exe C:\Users\Administrator\AppData\Roaming\npm\node_modules\firebase-tools\lib\bin\firebase.js init
[debug] [2024-02-24T16:13:42.804Z] CLI Version:   13.3.1
[debug] [2024-02-24T16:13:42.805Z] Platform:      win32
[debug] [2024-02-24T16:13:42.806Z] Node Version:  v20.11.1
[debug] [2024-02-24T16:13:42.806Z] Time:          Sun Feb 25 2024 00:13:42 GMT+0800 (China Standard Time)
[debug] [2024-02-24T16:13:42.807Z] ----------------------------------------------------------------------
[debug] 
[debug] [2024-02-24T16:13:42.837Z] > command requires scopes: ["email","openid","https://www.googleapis.com/auth/cloudplatformprojects.readonly","https://www.googleapis.com/auth/firebase","https://www.googleapis.com/auth/cloud-platform"]
[debug] [2024-02-24T16:13:42.839Z] > authorizing via signed-in user (czedrickversoza@gmail.com)
[info] 
     ######## #### ########  ######## ########     ###     ######  ########
     ##        ##  ##     ## ##       ##     ##  ##   ##  ##       ##
     ######    ##  ########  ######   ########  #########  ######  ######
     ##        ##  ##    ##  ##       ##     ## ##     ##       ## ##
     ##       #### ##     ## ######## ########  ##     ##  ######  ########

You're about to initialize a Firebase project in this directory:

  D:\ProgrammingWorkspace2\AnonChatBox

[info] 
=== Project Setup
[info] 
[info] First, let's associate this project directory with a Firebase project.
[info] You can create multiple project aliases by running firebase use --add, 
[info] but for now we'll just set up a default project.
[info] 
[debug] [2024-02-24T16:14:06.480Z] >>> [apiv2][query] GET https://firebase.googleapis.com/v1beta1/projects pageSize=100
[debug] [2024-02-24T16:14:07.384Z] <<< [apiv2][status] GET https://firebase.googleapis.com/v1beta1/projects 200
[debug] [2024-02-24T16:14:07.384Z] <<< [apiv2][body] GET https://firebase.googleapis.com/v1beta1/projects [omitted]
[info] i  Using project anonchatbox (AnonChatBox) 
[info] 
=== Hosting Setup
[debug] [2024-02-24T16:14:09.538Z] >>> [apiv2][query] GET https://firebase.googleapis.com/v1beta1/projects/anonchatbox [none]
[debug] [2024-02-24T16:14:09.946Z] <<< [apiv2][status] GET https://firebase.googleapis.com/v1beta1/projects/anonchatbox 200
[debug] [2024-02-24T16:14:09.947Z] <<< [apiv2][body] GET https://firebase.googleapis.com/v1beta1/projects/anonchatbox {"projectId":"anonchatbox","projectNumber":"824201855497","displayName":"AnonChatBox","name":"projects/anonchatbox","resources":{"hostingSite":"anonchatbox","realtimeDatabaseInstance":"anonchatbox-default-rtdb"},"state":"ACTIVE","etag":"1_a38a2970-0f5d-4a02-b678-35883306fda1"}
[info] 
[info] Your public directory is the folder (relative to your project directory) that
[info] will contain Hosting assets to be uploaded with firebase deploy. If you
[info] have a build process for your assets, use your build's output directory.
[info] 
[debug] [2024-02-24T16:14:46.684Z] ----------------------------------------------------------------------
[debug] [2024-02-24T16:14:46.693Z] Command:       C:\Program Files\nodejs\node.exe C:\Users\Administrator\AppData\Roaming\npm\node_modules\firebase-tools\lib\bin\firebase.js init
[debug] [2024-02-24T16:14:46.694Z] CLI Version:   13.3.1
[debug] [2024-02-24T16:14:46.695Z] Platform:      win32
[debug] [2024-02-24T16:14:46.695Z] Node Version:  v20.11.1
[debug] [2024-02-24T16:14:46.696Z] Time:          Sun Feb 25 2024 00:14:46 GMT+0800 (China Standard Time)
[debug] [2024-02-24T16:14:46.696Z] ----------------------------------------------------------------------
[debug] 
[debug] [2024-02-24T16:14:46.717Z] > command requires scopes: ["email","openid","https://www.googleapis.com/auth/cloudplatformprojects.readonly","https://www.googleapis.com/auth/firebase","https://www.googleapis.com/auth/cloud-platform"]
[debug] [2024-02-24T16:14:46.719Z] > authorizing via signed-in user (czedrickversoza@gmail.com)
[info] 
     ######## #### ########  ######## ########     ###     ######  ########
     ##        ##  ##     ## ##       ##     ##  ##   ##  ##       ##
     ######    ##  ########  ######   ########  #########  ######  ######
     ##        ##  ##    ##  ##       ##     ## ##     ##       ## ##
     ##       #### ##     ## ######## ########  ##     ##  ######  ########

You're about to initialize a Firebase project in this directory:

  D:\ProgrammingWorkspace2\AnonChatBox

[info] 
=== Project Setup
[info] 
[info] First, let's associate this project directory with a Firebase project.
[info] You can create multiple project aliases by running firebase use --add, 
[info] but for now we'll just set up a default project.
[info] 
[debug] [2024-02-24T16:14:54.977Z] >>> [apiv2][query] GET https://firebase.googleapis.com/v1beta1/projects pageSize=100
[debug] [2024-02-24T16:14:55.876Z] <<< [apiv2][status] GET https://firebase.googleapis.com/v1beta1/projects 200
[debug] [2024-02-24T16:14:55.877Z] <<< [apiv2][body] GET https://firebase.googleapis.com/v1beta1/projects [omitted]
[info] i  Using project anonchatbox (AnonChatBox) 
[info] 
=== Hosting Setup
[debug] [2024-02-24T16:14:57.055Z] >>> [apiv2][query] GET https://firebase.googleapis.com/v1beta1/projects/anonchatbox [none]
[debug] [2024-02-24T16:14:57.629Z] <<< [apiv2][status] GET https://firebase.googleapis.com/v1beta1/projects/anonchatbox 200
[debug] [2024-02-24T16:14:57.630Z] <<< [apiv2][body] GET https://firebase.googleapis.com/v1beta1/projects/anonchatbox {"projectId":"anonchatbox","projectNumber":"824201855497","displayName":"AnonChatBox","name":"projects/anonchatbox","resources":{"hostingSite":"anonchatbox","realtimeDatabaseInstance":"anonchatbox-default-rtdb"},"state":"ACTIVE","etag":"1_a38a2970-0f5d-4a02-b678-35883306fda1"}
[info] 
[info] Your public directory is the folder (relative to your project directory) that
[info] will contain Hosting assets to be uploaded with firebase deploy. If you
[info] have a build process for your assets, use your build's output directory.
[info] 
[debug] [2024-02-24T16:15:08.674Z] >>> [apiv2][query] GET https://www.gstatic.com/firebasejs/releases.json [none]
[debug] [2024-02-24T16:15:08.922Z] <<< [apiv2][status] GET https://www.gstatic.com/firebasejs/releases.json 200
[debug] [2024-02-24T16:15:08.922Z] <<< [apiv2][body] GET https://www.gstatic.com/firebasejs/releases.json {"current":{"version":"10.8.0","browserURL":"https://www.gstatic.com/firebasejs/10.8.0/firebase.js","packageURL":"https://www.gstatic.com/firebasejs/10.8.0/firebase.tgz"},"live":{"version":"10.8","browserURL":"https://www.gstatic.com/firebasejs/live/10.8/firebase.js","packageURL":"https://www.gstatic.com/firebasejs/live/10.8/firebase.tgz"},"components":{"analytics":"https://www.gstatic.com/firebasejs/10.8.0/firebase-analytics.js","app":"https://www.gstatic.com/firebasejs/10.8.0/firebase-app.js","app-check":"https://www.gstatic.com/firebasejs/10.8.0/firebase-app-check.js","auth":"https://www.gstatic.com/firebasejs/10.8.0/firebase-auth.js","auth/cordova":"https://www.gstatic.com/firebasejs/10.8.0/firebase-auth/cordova.js","auth/web-extension":"https://www.gstatic.com/firebasejs/10.8.0/firebase-auth/web-extension.js","functions":"https://www.gstatic.com/firebasejs/10.8.0/firebase-functions.js","firestore":"https://www.gstatic.com/firebasejs/10.8.0/firebase-firestore.js","firestore/lite":"https://www.gstatic.com/firebasejs/10.8.0/firebase-firestore/lite.js","installations":"https://www.gstatic.com/firebasejs/10.8.0/firebase-installations.js","storage":"https://www.gstatic.com/firebasejs/10.8.0/firebase-storage.js","performance":"https://www.gstatic.com/firebasejs/10.8.0/firebase-performance.js","remote-config":"https://www.gstatic.com/firebasejs/10.8.0/firebase-remote-config.js","messaging":"https://www.gstatic.com/firebasejs/10.8.0/firebase-messaging.js","messaging/sw":"https://www.gstatic.com/firebasejs/10.8.0/firebase-messaging/sw.js","database":"https://www.gstatic.com/firebasejs/10.8.0/firebase-database.js","firestore.memory":"https://www.gstatic.com/firebasejs/10.8.0/firebase-firestore.memory.js"}}
[info] +  Wrote AnonChatBox/index.html 
[info] 
[info] i  Detected a .git folder at D:\ProgrammingWorkspace2\AnonChatBox 
[info] i  Authorizing with GitHub to upload your service account to a GitHub repository's secrets store. 
[info] 
[info] Visit this URL on this device to log in:
[info] https://github.com/login/oauth/authorize?client_id=89cf50f02ac6aaed3484&state=836208389&redirect_uri=http%3A%2F%2Flocalhost%3A9005&scope=read%3Auser%20repo%20public_repo
[info] 
[info] Waiting for authentication...
[debug] [2024-02-24T16:15:22.154Z] >>> [apiv2][query] POST https://github.com/login/oauth/access_token [none]
[debug] [2024-02-24T16:15:22.155Z] >>> [apiv2][body] POST https://github.com/login/oauth/access_token [stream]
[debug] [2024-02-24T16:15:22.680Z] <<< [apiv2][status] POST https://github.com/login/oauth/access_token 200
[debug] [2024-02-24T16:15:22.680Z] <<< [apiv2][body] POST https://github.com/login/oauth/access_token {"access_token":"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","token_type":"bearer","scope":"read:user,repo"}
[debug] [2024-02-24T16:15:22.697Z] >>> [apiv2][query] GET https://api.github.com/user [none]
[debug] [2024-02-24T16:15:23.238Z] <<< [apiv2][status] GET https://api.github.com/user 200
[debug] [2024-02-24T16:15:23.243Z] <<< [apiv2][body] GET https://api.github.com/user {"login":"czedrickversoza","id":139881294,"node_id":"U_kgDOCFZrTg","avatar_url":"https://avatars.githubusercontent.com/u/139881294?v=4","gravatar_id":"","url":"https://api.github.com/users/czedrickversoza","html_url":"https://github.com/czedrickversoza","followers_url":"https://api.github.com/users/czedrickversoza/followers","following_url":"https://api.github.com/users/czedrickversoza/following{/other_user}","gists_url":"https://api.github.com/users/czedrickversoza/gists{/gist_id}","starred_url":"https://api.github.com/users/czedrickversoza/starred{/owner}{/repo}","subscriptions_url":"https://api.github.com/users/czedrickversoza/subscriptions","organizations_url":"https://api.github.com/users/czedrickversoza/orgs","repos_url":"https://api.github.com/users/czedrickversoza/repos","events_url":"https://api.github.com/users/czedrickversoza/events{/privacy}","received_events_url":"https://api.github.com/users/czedrickversoza/received_events","type":"User","site_admin":false,"name":null,"company":null,"blog":"","location":null,"email":null,"hireable":null,"bio":null,"twitter_username":null,"public_repos":1,"public_gists":0,"followers":0,"following":0,"created_at":"2023-07-18T13:19:44Z","updated_at":"2024-02-24T13:13:35Z","private_gists":0,"total_private_repos":2,"owned_private_repos":2,"disk_usage":3326,"collaborators":0,"two_factor_authentication":false,"plan":{"name":"free","space":976562499,"collaborators":0,"private_repos":10000}}
[info] 
[info] +  Success! Logged into GitHub as czedrickversoza 
[info] 
[debug] [2024-02-24T16:15:58.197Z] >>> [apiv2][query] GET https://api.github.com/repos/anon-chat-box/actions/secrets/public-key type=owner
[debug] [2024-02-24T16:15:58.657Z] <<< [apiv2][status] GET https://api.github.com/repos/anon-chat-box/actions/secrets/public-key 404
[debug] [2024-02-24T16:15:58.658Z] <<< [apiv2][body] GET https://api.github.com/repos/anon-chat-box/actions/secrets/public-key {"message":"Not Found","documentation_url":"https://docs.github.com/rest"}
[info] 
[info] 
[error] !  The provided authorization cannot be used with this repository. If this repository is in an organization, did you remember to grant access? 
[info] 
[info] i  Action required: Visit this URL to ensure access has been granted to the appropriate organization(s) for the Firebase CLI GitHub OAuth App: 
[info] https://github.com/settings/connections/applications/89cf50f02ac6aaed3484
[info] 
[debug] [2024-02-24T16:17:36.761Z] >>> [apiv2][query] GET https://api.github.com/repos/anon-chat-box/actions/secrets/public-key type=owner
[debug] [2024-02-24T16:17:37.230Z] <<< [apiv2][status] GET https://api.github.com/repos/anon-chat-box/actions/secrets/public-key 404
[debug] [2024-02-24T16:17:37.230Z] <<< [apiv2][body] GET https://api.github.com/repos/anon-chat-box/actions/secrets/public-key {"message":"Not Found","documentation_url":"https://docs.github.com/rest"}
[info] 
[info] 
[error] !  The provided authorization cannot be used with this repository. If this repository is in an organization, did you remember to grant access? 
[info] 
[info] i  Action required: Visit this URL to ensure access has been granted to the appropriate organization(s) for the Firebase CLI GitHub OAuth App: 
[info] https://github.com/settings/connections/applications/89cf50f02ac6aaed3484
[info] 
[debug] [2024-02-24T16:17:38.450Z] >>> [apiv2][query] GET https://api.github.com/repos/anon-chat-box/actions/secrets/public-key type=owner
[debug] [2024-02-24T16:17:38.777Z] <<< [apiv2][status] GET https://api.github.com/repos/anon-chat-box/actions/secrets/public-key 404
[debug] [2024-02-24T16:17:38.778Z] <<< [apiv2][body] GET https://api.github.com/repos/anon-chat-box/actions/secrets/public-key {"message":"Not Found","documentation_url":"https://docs.github.com/rest"}
[info] 
[info] 
[error] !  The provided authorization cannot be used with this repository. If this repository is in an organization, did you remember to grant access? 
[info] 
[info] i  Action required: Visit this URL to ensure access has been granted to the appropriate organization(s) for the Firebase CLI GitHub OAuth App: 
[info] https://github.com/settings/connections/applications/89cf50f02ac6aaed3484
[info] 
